0 info it worked if it ends with ok
1 verbose cli [ '/usr/local/bin/node', '/usr/local/bin/npm', 'publish' ]
2 info using npm@3.8.1
3 info using node@v4.4.0
4 verbose publish [ '.' ]
5 silly cache add args [ '.', null ]
6 verbose cache add spec .
7 silly cache add parsed spec Result {
7 silly cache add   raw: '.',
7 silly cache add   scope: null,
7 silly cache add   name: null,
7 silly cache add   rawSpec: '.',
7 silly cache add   spec: '/Volumes/Macintosh HD/Users/T0maT0/Dev/workspaces/javascript/projects/react-nowtify',
7 silly cache add   type: 'directory' }
8 verbose addLocalDirectory /Users/totoro/.npm/react-nowtify/1.0.0/package.tgz not in flight; packing
9 verbose correctMkdir /Users/totoro/.npm correctMkdir not in flight; initializing
10 info lifecycle react-nowtify@1.0.0~prepublish: react-nowtify@1.0.0
11 silly lifecycle react-nowtify@1.0.0~prepublish: no script for prepublish, continuing
12 verbose tar pack [ '/Users/totoro/.npm/react-nowtify/1.0.0/package.tgz',
12 verbose tar pack   '/Volumes/Macintosh HD/Users/T0maT0/Dev/workspaces/javascript/projects/react-nowtify' ]
13 verbose tarball /Users/totoro/.npm/react-nowtify/1.0.0/package.tgz
14 verbose folder /Volumes/Macintosh HD/Users/T0maT0/Dev/workspaces/javascript/projects/react-nowtify
15 verbose addLocalTarball adding from inside cache /Users/totoro/.npm/react-nowtify/1.0.0/package.tgz
16 verbose correctMkdir /Users/totoro/.npm correctMkdir not in flight; initializing
17 silly cache afterAdd react-nowtify@1.0.0
18 verbose afterAdd /Users/totoro/.npm/react-nowtify/1.0.0/package/package.json not in flight; writing
19 verbose correctMkdir /Users/totoro/.npm correctMkdir not in flight; initializing
20 verbose afterAdd /Users/totoro/.npm/react-nowtify/1.0.0/package/package.json written
21 silly publish { name: 'react-nowtify',
21 silly publish   version: '1.0.0',
21 silly publish   description: 'A tiny web component based on React to display a cute notification.',
21 silly publish   author: { name: 'Thomas Brodusch' },
21 silly publish   contributors:
21 silly publish    [ { name: 'Thomas Brodusch',
21 silly publish        email: 'tom4dev@users.noreply.github.com' } ],
21 silly publish   main: 'entry.js',
21 silly publish   scripts:
21 silly publish    { start: 'http-server -a localhost -p 8000',
21 silly publish      ship: 'npm install && npm run entry && npm run prod',
21 silly publish      prod: 'webpack -p',
21 silly publish      dev: 'webpack -d',
21 silly publish      entry: 'webpack -p entry.js',
21 silly publish      watch: 'webpack -d --progress --colors --watch',
21 silly publish      prePublish: 'npm run ship' },
21 silly publish   repository:
21 silly publish    { type: 'git',
21 silly publish      url: 'git+https://github.com/tom4dev/react-nowtify.git' },
21 silly publish   keywords:
21 silly publish    [ 'notification',
21 silly publish      'notifier',
21 silly publish      'notify',
21 silly publish      'alert',
21 silly publish      'message',
21 silly publish      'react',
21 silly publish      'react-component',
21 silly publish      'react-message',
21 silly publish      'react-notify',
21 silly publish      'react-notification',
21 silly publish      'react-alert' ],
21 silly publish   license: 'MIT',
21 silly publish   bugs: { url: 'https://github.com/tom4dev/react-nowtify/issues' },
21 silly publish   homepage: 'https://github.com/tom4dev/react-nowtify#readme',
21 silly publish   dependencies:
21 silly publish    { 'babel-polyfill': '^6.9.0',
21 silly publish      'font-awesome': '^4.6.3',
21 silly publish      react: '^15.1.0',
21 silly publish      'react-dom': '^15.1.0' },
21 silly publish   devDependencies:
21 silly publish    { babel: '^6.5.2',
21 silly publish      'babel-core': '^6.9.0',
21 silly publish      'babel-eslint': '^6.0.4',
21 silly publish      'babel-loader': '^6.2.4',
21 silly publish      'babel-preset-es2015': '^6.9.0',
21 silly publish      'babel-preset-react': '^6.5.0',
21 silly publish      'css-loader': '^0.23.1',
21 silly publish      eslint: '^2.10.2',
21 silly publish      'eslint-config-airbnb': '^9.0.1',
21 silly publish      'eslint-loader': '^1.3.0',
21 silly publish      'eslint-plugin-import': '^1.8.1',
21 silly publish      'eslint-plugin-jsx-a11y': '^1.2.2',
21 silly publish      'eslint-plugin-react': '^5.1.1',
21 silly publish      'file-loader': '^0.8.5',
21 silly publish      'http-server': '^0.9.0',
21 silly publish      'script-loader': '^0.7.0',
21 silly publish      'style-loader': '^0.13.1',
21 silly publish      'url-loader': '^0.5.7',
21 silly publish      webpack: '^1.13.1' },
21 silly publish   readme: '\n![Nowtify logo](https://github.com/tom4dev/react-nowtify/blob/develop/logo.png?raw=true)\n# React-Nowtify\n###### Version 0.1.0\n\n![Nowtify Demo](https://github.com/tom4dev/react-nowtify/blob/develop/nowtify-demo.gif?raw=true)\n\nA tiny React component who displays lovely notifications.\nauthor: Thomas Brodusch\n\n### Tech\n___\n\nNowtify uses a number of open source projects to work properly:\n\n* [ReactJS](https://facebook.github.io/react/) - A JavaScript library for building User Interfaces.\n* [Font-Awesome](http://fontawesome.io/) - The iconic font & css toolkit !\n* [NotificationSounds](https://notificationsounds.com/) — Sound under Creative Common license\n\n \n### Installation\n___\n\nNowtify requires [React](https://facebook.github.io/react/) and [Font-Awesome](http://fontawesome.io/) to run.\n\n> Install it with [NPM](https://www.npmjs.com/package/react-nowtify)\n```sh\n$ npm i react-nowtify --save\n```\n\n\n > Initialize Nowtify\n```javascript\nimport Nowtify from \'react-nowtify\'\n\nNowtify.init({\n  containerID     : \'ID_CONTAINER\',\n  displayTimeout  : 6000,         // Default 5000ms\n  dismissible     :  false        // Default false\n  sound           : true          // Default: false\n});\n```\n\n> Format your notifications and pass it to Nowtify\n```javascript\nvar notifications = [\n    {\n      message     : \'The message of your first notification\',\n      type        : \'success\', // \'succes\',\'info\',\'warning\', \'danger\'\n      icon        : \'rebel\',  // Default: false (You can specify a specific font-awesome icon !)\n      dismissible : true,     // Default: false\n      hideOnClose : true,     // Default: false\n      sound       : true      // Default: false\n    }\n];\nNowtify.show( notifications );\n```\n### et voilà !\nHave a look on \'examples.js\' ;)\n\n\n\n\n### Development\n___\nWant to contribute? Great!\n\nNowtify uses [Webpack](https://webpack.github.io/docs/) for fast developing.\nMake a change in your file and instantanously see your updates!\n\nOpen your favorite Terminal and run these commands.\n\n```sh\n$ git clone https://github.com/tom4dev/react-nowtify nowtify\n$ cd nowtify\n$ npm install\n$ npm start\n```\n\nDeveloppment mode watcher (Webpack):\n```sh\n$ npm run watch\n```\n\n... And you\'re ready to code !\n\n### Todos\n - proptype ... \n - Add transition/animation options\n - Add skin\n - Enable skin customisation\n\nLicense\n----\n\nMIT\n\n\n**Free Software, Hell Yeah!**\n\n[//]: # (These are reference links used in the body of this note and get stripped out when the markdown processor does its job. There is no need to format nicely because it shouldn\'t be seen. Thanks SO - http://stackoverflow.com/questions/4823468/store-comments-in-markdown-syntax)\n\n\n \n',
21 silly publish   readmeFilename: 'README.md',
21 silly publish   gitHead: '77680ed4d38b2dc4536931cbeb5cca9df23ccbdd',
21 silly publish   _id: 'react-nowtify@1.0.0',
21 silly publish   _shasum: 'cecc2da44ff5b236b34df9334ceb1e3bca7c57cc',
21 silly publish   _from: '.' }
22 verbose getPublishConfig undefined
23 silly mapToRegistry name react-nowtify
24 silly mapToRegistry using default registry
25 silly mapToRegistry registry https://registry.npmjs.org/
26 silly mapToRegistry uri https://registry.npmjs.org/react-nowtify
27 verbose publish registryBase https://registry.npmjs.org/
28 silly publish uploading /Users/totoro/.npm/react-nowtify/1.0.0/package.tgz
29 verbose request uri https://registry.npmjs.org/react-nowtify
30 verbose request sending authorization for write operation
31 info attempt registry request try #1 at 18:58:32
32 verbose request using bearer token for auth
33 verbose request id 6a096ecb3ba28ada
34 http request PUT https://registry.npmjs.org/react-nowtify
35 http 403 https://registry.npmjs.org/react-nowtify
36 verbose headers { 'content-type': 'application/json',
36 verbose headers   'cache-control': 'max-age=300',
36 verbose headers   'content-length': '95',
36 verbose headers   'accept-ranges': 'bytes',
36 verbose headers   date: 'Sat, 28 May 2016 16:58:34 GMT',
36 verbose headers   via: '1.1 varnish',
36 verbose headers   connection: 'keep-alive',
36 verbose headers   'x-served-by': 'cache-fra1242-FRA',
36 verbose headers   'x-cache': 'MISS',
36 verbose headers   'x-cache-hits': '0',
36 verbose headers   'x-timer': 'S1464454713.039751,VS0,VE1468',
36 verbose headers   vary: 'Accept-Encoding' }
37 verbose request invalidating /Users/totoro/.npm/registry.npmjs.org/react-nowtify on PUT
38 error publish Failed PUT 403
39 verbose stack Error: "You cannot publish over the previously published version 1.0.0." : react-nowtify
39 verbose stack     at makeError (/usr/local/lib/node_modules/npm/node_modules/npm-registry-client/lib/request.js:264:12)
39 verbose stack     at CachingRegistryClient.<anonymous> (/usr/local/lib/node_modules/npm/node_modules/npm-registry-client/lib/request.js:252:14)
39 verbose stack     at Request._callback (/usr/local/lib/node_modules/npm/node_modules/npm-registry-client/lib/request.js:172:14)
39 verbose stack     at Request.self.callback (/usr/local/lib/node_modules/npm/node_modules/request/request.js:199:22)
39 verbose stack     at emitTwo (events.js:87:13)
39 verbose stack     at Request.emit (events.js:172:7)
39 verbose stack     at Request.<anonymous> (/usr/local/lib/node_modules/npm/node_modules/request/request.js:1036:10)
39 verbose stack     at emitOne (events.js:82:20)
39 verbose stack     at Request.emit (events.js:169:7)
39 verbose stack     at IncomingMessage.<anonymous> (/usr/local/lib/node_modules/npm/node_modules/request/request.js:963:12)
40 verbose statusCode 403
41 verbose pkgid react-nowtify
42 verbose cwd /Volumes/Macintosh HD/Users/T0maT0/Dev/workspaces/javascript/projects/react-nowtify
43 error Darwin 15.3.0
44 error argv "/usr/local/bin/node" "/usr/local/bin/npm" "publish"
45 error node v4.4.0
46 error npm  v3.8.1
47 error code E403
48 error "You cannot publish over the previously published version 1.0.0." : react-nowtify
49 error If you need help, you may report this error at:
49 error     <https://github.com/npm/npm/issues>
50 verbose exit [ 1, true ]
